<?xml version="1.0" encoding="UTF-8"?>
<!-- Generated by org.testng.reporters.JUnitReportReporter -->
<testsuite hostname="DESKTOP-L1TJJR1" failures="0" tests="1" name="com.selenium.Demo_WebTable" time="11.754" errors="0" timestamp="2023-03-14T14:45:38 IST" skipped="0">
  <testcase classname="com.selenium.Demo_WebTable" name="verifyTable" time="11.754"/>
  <system-out/>
</testsuite> <!-- com.selenium.Demo_WebTable -->
